2020-11-05 09:51:05.755  INFO 1236 --- [main] tn.junit.test.ContratTest                : Starting ContratTest on oumyma with PID 1236 (started by oumyma houmrani in C:\Users\oumyma houmrani\Desktop\CI\Project_CI)
2020-11-05 09:51:05.770  INFO 1236 --- [main] tn.junit.test.ContratTest                : No active profile set, falling back to default profiles: default
2020-11-05 09:51:09.801  INFO 1236 --- [main] .s.d.r.c.RepositoryConfigurationDelegate : Bootstrapping Spring Data repositories in DEFAULT mode.
2020-11-05 09:51:10.098  INFO 1236 --- [main] .s.d.r.c.RepositoryConfigurationDelegate : Finished Spring Data repository scanning in 188ms. Found 6 repository interfaces.
2020-11-05 09:51:10.905  INFO 1236 --- [main] trationDelegate$BeanPostProcessorChecker : Bean 'org.springframework.transaction.annotation.ProxyTransactionManagementConfiguration' of type [org.springframework.transaction.annotation.ProxyTransactionManagementConfiguration$$EnhancerBySpringCGLIB$$bab18764] is not eligible for getting processed by all BeanPostProcessors (for example: not eligible for auto-proxying)
2020-11-05 09:51:11.638  INFO 1236 --- [main] com.zaxxer.hikari.HikariDataSource       : HikariPool-1 - Starting...
2020-11-05 09:51:17.109  INFO 1236 --- [main] com.zaxxer.hikari.HikariDataSource       : HikariPool-1 - Start completed.
2020-11-05 09:51:17.231  INFO 1236 --- [main] o.hibernate.jpa.internal.util.LogHelper  : HHH000204: Processing PersistenceUnitInfo [
	name: default
	...]
2020-11-05 09:51:17.298  INFO 1236 --- [main] org.hibernate.Version                    : HHH000412: Hibernate Core {5.3.9.Final}
2020-11-05 09:51:17.300  INFO 1236 --- [main] org.hibernate.cfg.Environment            : HHH000206: hibernate.properties not found
2020-11-05 09:51:17.683  INFO 1236 --- [main] o.hibernate.annotations.common.Version   : HCANN000001: Hibernate Commons Annotations {5.0.4.Final}
2020-11-05 09:51:19.672  INFO 1236 --- [main] org.hibernate.dialect.Dialect            : HHH000400: Using dialect: org.hibernate.dialect.MySQL5Dialect
2020-11-05 09:51:24.495  INFO 1236 --- [main] j.LocalContainerEntityManagerFactoryBean : Initialized JPA EntityManagerFactory for persistence unit 'default'
2020-11-05 09:51:25.833  INFO 1236 --- [main] o.h.h.i.QueryTranslatorFactoryInitiator  : HHH000397: Using ASTQueryTranslatorFactory
2020-11-05 09:51:29.448  INFO 1236 --- [main] o.s.s.concurrent.ThreadPoolTaskExecutor  : Initializing ExecutorService 'applicationTaskExecutor'
2020-11-05 09:51:29.546  WARN 1236 --- [main] aWebConfiguration$JpaWebMvcConfiguration : spring.jpa.open-in-view is enabled by default. Therefore, database queries may be performed during view rendering. Explicitly configure spring.jpa.open-in-view to disable this warning
2020-11-05 09:51:30.157  INFO 1236 --- [main] tn.junit.test.ContratTest                : Started ContratTest in 25.737 seconds (JVM running for 29.39)
2020-11-05 09:51:30.950  INFO 1236 --- [Thread-2] o.s.s.concurrent.ThreadPoolTaskExecutor  : Shutting down ExecutorService 'applicationTaskExecutor'
2020-11-05 09:51:30.954  INFO 1236 --- [Thread-2] j.LocalContainerEntityManagerFactoryBean : Closing JPA EntityManagerFactory for persistence unit 'default'
2020-11-05 09:51:30.958  INFO 1236 --- [Thread-2] com.zaxxer.hikari.HikariDataSource       : HikariPool-1 - Shutdown initiated...
2020-11-05 09:51:30.968  INFO 1236 --- [Thread-2] com.zaxxer.hikari.HikariDataSource       : HikariPool-1 - Shutdown completed.
